<?xml version="1.0" encoding="UTF-8"?>
<!-- Generated by org.testng.reporters.JUnitReportReporter -->
<testsuite hostname="DESKTOP-J7DCQRE" failures="0" tests="1" name="project.one.DataDriven" time="5.105" errors="0" timestamp="2024-11-12T15:55:41 IST" skipped="0">
  <testcase classname="project.one.DataDriven" name="test1" time="5.105"/>
</testsuite> <!-- project.one.DataDriven -->
