<?xml version="1.0" encoding="UTF-8"?>
<!-- Generated by org.testng.reporters.JUnitReportReporter -->
<testsuite hostname="DESKTOP-J7DCQRE" failures="0" tests="1" name="project.one.KeyControls" time="12.300" errors="0" timestamp="2024-11-07T12:01:57 IST" skipped="0">
  <testcase classname="project.one.KeyControls" name="testRobot" time="12.300"/>
</testsuite> <!-- project.one.KeyControls -->
