<?xml version="1.0" encoding="UTF-8"?>
<!-- Generated by org.testng.reporters.JUnitReportReporter -->
<testsuite hostname="DESKTOP-J7DCQRE" failures="0" tests="1" name="project.one.Frames" time="6.980" errors="0" timestamp="2024-11-07T11:31:26 IST" skipped="0">
  <testcase classname="project.one.Frames" name="frameTest" time="6.980"/>
</testsuite> <!-- project.one.Frames -->
