<?xml version="1.0" encoding="UTF-8"?>
<!-- Generated by org.testng.reporters.JUnitReportReporter -->
<testsuite hostname="DESKTOP-J7DCQRE" failures="0" tests="2" name="project.one.Navigation" time="12.755" errors="0" timestamp="2024-11-07T11:35:08 IST" skipped="0">
  <testcase classname="project.one.Navigation" name="navigationTest" time="8.420"/>
  <testcase classname="project.one.Navigation" name="frameTest" time="4.335"/>
</testsuite> <!-- project.one.Navigation -->
